Vivado Simulator v2024.2.0
Copyright 1986-2022 Xilinx, Inc. All Rights Reserved.
Copyright 2022-2024 Advanced Micro Devices, Inc. All Rights Reserved.
Running: D:/Xilinx/Vivado/2024.2/bin/unwrapped/win64.o/xelab.exe --incr --debug typical --relax --mt 2 -L xil_defaultlib -L unisims_ver -L unimacro_ver -L secureip --snapshot RISCV_TB_behav xil_defaultlib.RISCV_TB xil_defaultlib.glbl -log elaborate.log 
Using 2 slave threads.
Starting static elaboration
Pass Through NonSizing Optimizer
WARNING: [VRFC 10-3705] select index 64 into 'I_Mem' is out of bounds [C:/Users/Kranthi Uppada/riscv single cycle/riscv single cycle.srcs/sources_1/new/RISCV.v:81]
WARNING: [VRFC 10-3705] select index 68 into 'I_Mem' is out of bounds [C:/Users/Kranthi Uppada/riscv single cycle/riscv single cycle.srcs/sources_1/new/RISCV.v:82]
WARNING: [VRFC 10-3705] select index 72 into 'I_Mem' is out of bounds [C:/Users/Kranthi Uppada/riscv single cycle/riscv single cycle.srcs/sources_1/new/RISCV.v:84]
WARNING: [VRFC 10-3705] select index 76 into 'I_Mem' is out of bounds [C:/Users/Kranthi Uppada/riscv single cycle/riscv single cycle.srcs/sources_1/new/RISCV.v:85]
WARNING: [VRFC 10-3705] select index 80 into 'I_Mem' is out of bounds [C:/Users/Kranthi Uppada/riscv single cycle/riscv single cycle.srcs/sources_1/new/RISCV.v:86]
WARNING: [VRFC 10-3705] select index 84 into 'I_Mem' is out of bounds [C:/Users/Kranthi Uppada/riscv single cycle/riscv single cycle.srcs/sources_1/new/RISCV.v:88]
WARNING: [VRFC 10-3705] select index 86 into 'I_Mem' is out of bounds [C:/Users/Kranthi Uppada/riscv single cycle/riscv single cycle.srcs/sources_1/new/RISCV.v:89]
WARNING: [VRFC 10-3705] select index 90 into 'I_Mem' is out of bounds [C:/Users/Kranthi Uppada/riscv single cycle/riscv single cycle.srcs/sources_1/new/RISCV.v:90]
WARNING: [VRFC 10-3705] select index 94 into 'I_Mem' is out of bounds [C:/Users/Kranthi Uppada/riscv single cycle/riscv single cycle.srcs/sources_1/new/RISCV.v:92]
WARNING: [VRFC 10-3705] select index 98 into 'I_Mem' is out of bounds [C:/Users/Kranthi Uppada/riscv single cycle/riscv single cycle.srcs/sources_1/new/RISCV.v:93]
WARNING: [VRFC 10-3705] select index 102 into 'I_Mem' is out of bounds [C:/Users/Kranthi Uppada/riscv single cycle/riscv single cycle.srcs/sources_1/new/RISCV.v:95]
WARNING: [VRFC 10-3705] select index 106 into 'I_Mem' is out of bounds [C:/Users/Kranthi Uppada/riscv single cycle/riscv single cycle.srcs/sources_1/new/RISCV.v:96]
WARNING: [VRFC 10-3705] select index 110 into 'I_Mem' is out of bounds [C:/Users/Kranthi Uppada/riscv single cycle/riscv single cycle.srcs/sources_1/new/RISCV.v:98]
Completed static elaboration
INFO: [XSIM 43-4323] No Change in HDL. Linking previously generated obj files to create kernel
